<?xml version="1.0" encoding="UTF-8"?>
<!-- Generated by org.testng.reporters.JUnitXMLReporter -->
<testsuite ignored="0" hostname="Silpas-MacBook-Pro.local" failures="0" tests="4" name="Default test" time="41.837" errors="0" timestamp="2026-03-12T00:33:57 MDT">
  <testcase classname="testscript.LoginTest" name="verifyUserLoginWithInValidCredentials" time="2.95"/>
  <testcase classname="testscript.LoginTest" name="verifyUserLoginWithInvalidPasswordandValidUsername" time="2.892"/>
  <testcase classname="testscript.LoginTest" name="verifyUserLoginWithInvalidUsernameAndValidPassword" time="2.922"/>
  <testcase classname="testscript.LoginTest" name="verifyUserLoginWithValidCredentials" time="3.829"/>
</testsuite> <!-- Default test -->
