<?xml version="1.0" encoding="UTF-8"?>
<!-- Generated by org.testng.reporters.JUnitReportReporter -->
<testsuite hostname="Silpas-MacBook-Pro.local" failures="0" tests="4" name="testscript.LoginTest" time="41.824" errors="0" timestamp="2026-03-12T00:33:57 MDT" skipped="0">
  <testcase classname="testscript.LoginTest" name="verifyUserLoginWithInValidCredentials" time="10.435"/>
  <testcase classname="testscript.LoginTest" name="verifyUserLoginWithInvalidUsernameAndValidPassword" time="9.995"/>
  <testcase classname="testscript.LoginTest" name="verifyUserLoginWithInvalidPasswordandValidUsername" time="10.023"/>
  <testcase classname="testscript.LoginTest" name="verifyUserLoginWithValidCredentials" time="11.371"/>
</testsuite> <!-- testscript.LoginTest -->
